[0m17:41:38.929027 [debug] [MainThread]: Sending event: {'category': 'dbt', 'action': 'invocation', 'label': 'start', 'context': [<snowplow_tracker.self_describing_json.SelfDescribingJson object at 0x7b2db20d4740>, <snowplow_tracker.self_describing_json.SelfDescribingJson object at 0x7b2db31783b0>, <snowplow_tracker.self_describing_json.SelfDescribingJson object at 0x7b2db2517620>]}


============================== 17:41:38.934150 | 49e45e7b-b4bf-49c5-90d0-1ae0ce70e7c0 ==============================
[0m17:41:38.934150 [info ] [MainThread]: Running with dbt=1.11.12
[0m17:41:38.934588 [debug] [MainThread]: running dbt with arguments {'version_check': 'True', 'warn_error_options': 'WarnErrorOptionsV2(error=[], warn=[], silence=[])', 'fail_fast': 'False', 'debug': 'False', 'quiet': 'False', 'static_parser': 'True', 'printer_width': '80', 'use_experimental_parser': 'False', 'warn_error': 'None', 'invocation_command': 'dbt init spotify_dbt', 'write_json': 'True', 'use_colors': 'True', 'cache_selected_only': 'False', 'target_path': 'None', 'log_path': 'logs', 'empty': 'None', 'indirect_selection': 'eager', 'profiles_dir': '/home/youssef/.dbt', 'introspect': 'True', 'no_print': 'None', 'partial_parse': 'True', 'log_cache_events': 'False', 'send_anonymous_usage_stats': 'True', 'log_format': 'default'}
[0m17:41:38.980685 [info ] [MainThread]: Creating dbt configuration folder at /home/youssef/.dbt
[0m17:41:38.990345 [debug] [MainThread]: Starter project path: /home/youssef/repos/spotify-streaming-project/venv/lib/python3.12/site-packages/dbt/include/starter_project
[0m17:41:39.002327 [info ] [MainThread]: 
Your new dbt project "spotify_dbt" was created!

For more information on how to configure the profiles.yml file,
please consult the dbt documentation here:

  https://docs.getdbt.com/docs/configure-your-profile

One more thing:

Need help? Don't hesitate to reach out to us via GitHub issues or on Slack:

  https://community.getdbt.com/

Happy modeling!

[0m17:41:39.002759 [info ] [MainThread]: Setting up your profile.
[0m17:41:54.936566 [debug] [MainThread]: Spark adapter: Setting pyhive.hive logging to ERROR
[0m17:41:54.937186 [debug] [MainThread]: Spark adapter: Setting thrift.transport logging to ERROR
[0m17:41:54.937725 [debug] [MainThread]: Spark adapter: Setting thrift.protocol logging to ERROR
[0m17:45:41.858397 [info ] [MainThread]: Profile spotify_dbt written to /home/youssef/.dbt/profiles.yml using target's profile_template.yml and your supplied values. Run 'dbt debug' to validate the connection.
[0m17:45:41.900436 [debug] [MainThread]: Resource report: {"command_name": "init", "command_success": true, "command_wall_clock_time": 221.18997, "process_in_blocks": "305704", "process_kernel_time": 1.343719, "process_mem_max_rss": "224272", "process_out_blocks": "88", "process_user_time": 3.165786}
[0m17:45:41.904345 [debug] [MainThread]: Command `dbt init` succeeded at 17:45:41.904128 after 221.20 seconds
[0m17:45:41.908025 [debug] [MainThread]: Sending event: {'category': 'dbt', 'action': 'invocation', 'label': 'end', 'context': [<snowplow_tracker.self_describing_json.SelfDescribingJson object at 0x7b2db1b39af0>, <snowplow_tracker.self_describing_json.SelfDescribingJson object at 0x7b2daea21490>, <snowplow_tracker.self_describing_json.SelfDescribingJson object at 0x7b2d9abaf2f0>]}
[0m17:45:41.909568 [debug] [MainThread]: Flushing usage events
[0m17:45:42.386136 [debug] [MainThread]: An error was encountered while trying to flush usage events
